<?xml version="1.0" encoding="UTF-8"?>
<!-- Generated by org.testng.reporters.JUnitReportReporter -->
<testsuite hostname="Nivedithas-MBP" failures="0" tests="13" name="FinalFrameworkTest" time="10.887" errors="0" timestamp="2022-03-16T15:43:36 IST" skipped="0">
  <testcase classname="FinalFrameworkTest" name="checkingStatusCode" time="1.368"/>
  <system-out/>
  <testcase classname="FinalFrameworkTest" name="FetchingData" time="2.123"/>
  <system-out/>
  <testcase classname="FinalFrameworkTest" name="AssertionHamcrestValidation_1" time="0.724"/>
  <system-out/>
  <testcase classname="FinalFrameworkTest" name="AssertionHamcrestValidation_2" time="0.300"/>
  <system-out/>
  <testcase classname="FinalFrameworkTest" name="addUserByDataPOJO" time="0.728"/>
  <system-out/>
  <testcase classname="FinalFrameworkTest" name="addPagesBYPagesPOJO" time="0.612"/>
  <system-out/>
  <testcase classname="FinalFrameworkTest" name="getParticularUsersById" time="0.627"/>
  <system-out/>
  <testcase classname="FinalFrameworkTest" name="updateUserByDataPOJO" time="0.609"/>
  <system-out/>
  <testcase classname="FinalFrameworkTest" name="updateUserByPagesPOJO" time="1.010"/>
  <system-out/>
  <testcase classname="FinalFrameworkTest" name="RegisterSuccessful" time="1.023"/>
  <system-out/>
  <testcase classname="FinalFrameworkTest" name="RegisterUnSuccessful" time="0.511"/>
  <system-out/>
  <testcase classname="FinalFrameworkTest" name="LoginSuccessful" time="0.611"/>
  <system-out/>
  <testcase classname="FinalFrameworkTest" name="LoginUnSuccessful" time="0.641"/>
  <system-out/>
</testsuite> <!-- FinalFrameworkTest -->
